<?xml version="1.0" encoding="UTF-8"?>
<!-- Generated by org.testng.reporters.JUnitXMLReporter -->
<testsuite ignored="1" hostname="DESKTOP-45L258V" failures="0" tests="2" name="Testsample" time="25.27" errors="0" timestamp="2022-09-13T08:25:33 PDT">
  <testcase classname="testngFramework.TestNgSample" name="test2" time="0.545"/>
  <testcase classname="testngFramework.TestNgSample" name="test1" time="0.026"/>
  <testcase classname="testngFramework.TestNgSample" name="test3" time="0.0">
    <ignored/>
  </testcase> <!-- test3 -->
</testsuite> <!-- Testsample -->
