<?xml version="1.0" encoding="UTF-8"?>
<testng-results ignored="0" total="1" passed="1" failed="0" skipped="0">
  <reporter-output>
  </reporter-output>
  <suite started-at="2022-10-19T14:02:56 PDT" name="Default suite" finished-at="2022-10-19T14:03:31 PDT" duration-ms="34608">
    <groups>
    </groups>
    <test started-at="2022-10-19T14:02:56 PDT" name="Default test" finished-at="2022-10-19T14:03:31 PDT" duration-ms="34608">
      <class name="seleniumbasics.DownloadingFileChrome">
        <test-method signature="downloading()[pri:0, instance:seleniumbasics.DownloadingFileChrome@4efbca5a]" started-at="2022-10-19T14:02:57 PDT" name="downloading" finished-at="2022-10-19T14:03:31 PDT" duration-ms="34467" status="PASS">
          <reporter-output>
          </reporter-output>
        </test-method> <!-- downloading -->
      </class> <!-- seleniumbasics.DownloadingFileChrome -->
    </test> <!-- Default test -->
  </suite> <!-- Default suite -->
</testng-results>
